21:37:06.409 Got a kill message. Killing runner.
21:54:32.943 Checking updates...
21:54:34.989 # Specification Heading
21:54:34.990 ## Vowel counts in single word
21:54:34.991 * Vowels in English language are "aeiou".

21:54:34.999 * The word "gauge" has "3" vowels.

21:54:35.005 ## Vowel counts in multiple word
21:54:35.006 * Vowels in English language are "aeiou".

21:54:35.007 * Almost all words have vowels 

     |Word  |Vowel Count|
     |------|-----------|
     |Gauge |3          |
     |Mingle|2          |
     |Snap  |1          |
     |GoCD  |1          |
     |Rhythm|0          |
21:54:35.012 # Prime Number Verification
21:54:35.014 ## Verify prime number
21:54:35.014 * Is 3 a prime number "3"

21:54:35.419 Plugin [Html Report] with pid [19368] has exited
21:54:35.521 Specifications:	2 executed	2 passed	0 failed	0 skipped
21:54:35.521 Scenarios:	3 executed	3 passed	0 failed	0 skipped
21:54:35.522 
Total time taken: 133ms
21:54:35.523 Updates are available. Run gauge --check-updates for more info.
22:01:36.608 Checking updates...
22:01:38.438 # Specification Heading
22:01:38.439 ## Vowel counts in single word
22:01:38.440 * Vowels in English language are "aeiou".

22:01:38.451 * The word "gauge" has "3" vowels.

22:01:38.457 ## Vowel counts in multiple word
22:01:38.458 * Vowels in English language are "aeiou".

22:01:38.460 * Almost all words have vowels 

     |Word  |Vowel Count|
     |------|-----------|
     |Gauge |3          |
     |Mingle|2          |
     |Snap  |1          |
     |GoCD  |1          |
     |Rhythm|0          |
22:01:38.468 # Prime Number Verification
22:01:38.470 ## Verify prime number
22:01:38.471 * Is 3 a prime number "3"

22:01:38.475 ## Neagive scenario Verify prime number
22:01:38.476 * Is 4 a valid prime number "4"
22:01:38.589 Plugin [Html Report] with pid [39316] has exited
22:01:38.698 Specifications:	2 executed	2 passed	0 failed	0 skipped
22:01:38.700 Scenarios:	4 executed	4 passed	0 failed	0 skipped
22:01:38.701 
Total time taken: 118ms
22:01:38.703 Updates are available. Run gauge --check-updates for more info.
22:05:42.592 Checking updates...
22:05:44.564 # Specification Heading
22:05:44.566 ## Vowel counts in single word
22:05:44.568 * Vowels in English language are "aeiou".

22:05:44.581 * The word "gauge" has "3" vowels.

22:05:44.586 ## Vowel counts in multiple word
22:05:44.587 * Vowels in English language are "aeiou".

22:05:44.588 * Almost all words have vowels 

     |Word  |Vowel Count|
     |------|-----------|
     |Gauge |3          |
     |Mingle|2          |
     |Snap  |1          |
     |GoCD  |1          |
     |Rhythm|0          |
22:05:44.594 # Prime Number Verification
22:05:44.596 ## Positive scenario Verify prime number
22:05:44.596 * Is 3 a prime number "3"

22:05:44.601 ## Neagive scenario Verify prime number
22:05:44.602 * Is 4 a valid prime number "4"
22:05:45.357 Failed Step: Is 4 a valid prime number "4"
22:05:45.357 Error Message: java.lang.AssertionError
22:05:45.357 Specification: specs\prime.spec:15
22:05:45.357 Stacktrace: 
org.junit.Assert.fail(Assert.java:86)
org.junit.Assert.assertTrue(Assert.java:41)
org.junit.Assert.assertTrue(Assert.java:52)
TestPrime.methodStub(TestPrime.java:12)
sun.reflect.NativeMethodAccessorImpl.invoke0(Native Method)
sun.reflect.NativeMethodAccessorImpl.invoke(NativeMethodAccessorImpl.java:62)
sun.reflect.DelegatingMethodAccessorImpl.invoke(DelegatingMethodAccessorImpl.java:43)
java.lang.reflect.Method.invoke(Method.java:498)
com.thoughtworks.gauge.execution.MethodExecutor.execute(MethodExecutor.java:32)
com.thoughtworks.gauge.execution.StepExecutionStage.executeStepMethod(StepExecutionStage.java:112)
com.thoughtworks.gauge.execution.StepExecutionStage.executeStep(StepExecutionStage.java:81)
com.thoughtworks.gauge.execution.StepExecutionStage.execute(StepExecutionStage.java:62)
com.thoughtworks.gauge.execution.AbstractExecutionStage.executeNext(AbstractExecutionStage.java:24)
com.thoughtworks.gauge.execution.HookExecutionStage.execute(HookExecutionStage.java:42)
com.thoughtworks.gauge.execution.ExecutionPipeline.start(ExecutionPipeline.java:31)
com.thoughtworks.gauge.processor.ExecuteStepProcessor.process(ExecuteStepProcessor.java:34)
com.thoughtworks.gauge.connection.MessageDispatcher.dispatchMessages(MessageDispatcher.java:72)
com.thoughtworks.gauge.GaugeRuntime.main(GaugeRuntime.java:37)
22:05:45.471 Plugin [Html Report] with pid [24692] has exited
22:05:45.671 Specifications:	2 executed	1 passed	1 failed	0 skipped
22:05:45.672 Scenarios:	4 executed	3 passed	1 failed	0 skipped
22:05:45.673 
Total time taken: 889ms
22:05:45.675 Updates are available. Run gauge --check-updates for more info.
22:06:49.375 Checking updates...
22:06:51.151 # Specification Heading
22:06:51.152 ## Vowel counts in single word
22:06:51.153 * Vowels in English language are "aeiou".

22:06:51.163 * The word "gauge" has "3" vowels.

22:06:51.168 ## Vowel counts in multiple word
22:06:51.169 * Vowels in English language are "aeiou".

22:06:51.170 * Almost all words have vowels 

     |Word  |Vowel Count|
     |------|-----------|
     |Gauge |3          |
     |Mingle|2          |
     |Snap  |1          |
     |GoCD  |1          |
     |Rhythm|0          |
22:06:51.176 # Prime Number Verification
22:06:51.177 ## Positive scenario Verify prime number
22:06:51.178 * Is 3 a prime number "3"

22:06:51.181 ## Neagive scenario Verify prime number
22:06:51.182 * Is 4 a valid prime number "4"
22:06:51.286 Plugin [Html Report] with pid [32032] has exited
22:06:51.386 Specifications:	2 executed	2 passed	0 failed	0 skipped
22:06:51.386 Scenarios:	4 executed	4 passed	0 failed	0 skipped
22:06:51.387 
Total time taken: 107ms
22:06:51.388 Updates are available. Run gauge --check-updates for more info.
22:08:13.789 Checking updates...
22:08:15.820 # Specification Heading
22:08:15.821 ## Vowel counts in single word
22:08:15.822 * Vowels in English language are "aeiou".

22:08:15.835 * The word "gauge" has "3" vowels.

22:08:15.840 ## Vowel counts in multiple word
22:08:15.841 * Vowels in English language are "aeiou".

22:08:15.843 * Almost all words have vowels 

     |Word  |Vowel Count|
     |------|-----------|
     |Gauge |3          |
     |Mingle|2          |
     |Snap  |1          |
     |GoCD  |1          |
     |Rhythm|0          |
22:08:15.848 # Prime Number Verification
22:08:15.849 ## Positive scenario Verify prime number
22:08:15.850 * Is 3 a prime number "3"

22:08:15.856 ## Neagive scenario Verify prime number
22:08:15.857 * Check 4 for not a prime number "4"
22:08:15.960 Plugin [Html Report] with pid [11132] has exited
22:08:16.060 Specifications:	2 executed	2 passed	0 failed	0 skipped
22:08:16.061 Scenarios:	4 executed	4 passed	0 failed	0 skipped
22:08:16.062 
Total time taken: 111ms
22:08:16.064 Updates are available. Run gauge --check-updates for more info.
22:09:10.804 Checking updates...
22:09:12.650 # Specification Heading
22:09:12.651 ## Vowel counts in single word
22:09:12.652 * Vowels in English language are "aeiou".

22:09:12.664 * The word "gauge" has "3" vowels.

22:09:12.671 ## Vowel counts in multiple word
22:09:12.673 * Vowels in English language are "aeiou".

22:09:12.675 * Almost all words have vowels 

     |Word  |Vowel Count|
     |------|-----------|
     |Gauge |3          |
     |Mingle|2          |
     |Snap  |1          |
     |GoCD  |1          |
     |Rhythm|0          |
22:09:12.682 # Prime Number Verification
22:09:12.684 ## Positive scenario Verify prime number
22:09:12.685 * Is 3 a prime number "3"

22:09:12.689 ## Neagive scenario Verify prime number
22:09:12.690 * Check 4 for not a prime number "3"
22:09:13.358 Failed Step: Check 4 for not a prime number "3"
22:09:13.358 Error Message: java.lang.AssertionError
22:09:13.358 Specification: specs\prime.spec:14
22:09:13.358 Stacktrace: 
org.junit.Assert.fail(Assert.java:86)
org.junit.Assert.assertTrue(Assert.java:41)
org.junit.Assert.assertFalse(Assert.java:64)
org.junit.Assert.assertFalse(Assert.java:74)
TestPrime.methodStub(TestPrime.java:12)
sun.reflect.NativeMethodAccessorImpl.invoke0(Native Method)
sun.reflect.NativeMethodAccessorImpl.invoke(NativeMethodAccessorImpl.java:62)
sun.reflect.DelegatingMethodAccessorImpl.invoke(DelegatingMethodAccessorImpl.java:43)
java.lang.reflect.Method.invoke(Method.java:498)
com.thoughtworks.gauge.execution.MethodExecutor.execute(MethodExecutor.java:32)
com.thoughtworks.gauge.execution.StepExecutionStage.executeStepMethod(StepExecutionStage.java:112)
com.thoughtworks.gauge.execution.StepExecutionStage.executeStep(StepExecutionStage.java:81)
com.thoughtworks.gauge.execution.StepExecutionStage.execute(StepExecutionStage.java:62)
com.thoughtworks.gauge.execution.AbstractExecutionStage.executeNext(AbstractExecutionStage.java:24)
com.thoughtworks.gauge.execution.HookExecutionStage.execute(HookExecutionStage.java:42)
com.thoughtworks.gauge.execution.ExecutionPipeline.start(ExecutionPipeline.java:31)
com.thoughtworks.gauge.processor.ExecuteStepProcessor.process(ExecuteStepProcessor.java:34)
com.thoughtworks.gauge.connection.MessageDispatcher.dispatchMessages(MessageDispatcher.java:72)
com.thoughtworks.gauge.GaugeRuntime.main(GaugeRuntime.java:37)
22:09:13.472 Plugin [Html Report] with pid [16900] has exited
22:09:13.672 Specifications:	2 executed	1 passed	1 failed	0 skipped
22:09:13.673 Scenarios:	4 executed	3 passed	1 failed	0 skipped
22:09:13.674 
Total time taken: 801ms
22:09:13.676 Updates are available. Run gauge --check-updates for more info.
22:14:39.397 Checking updates...
22:14:41.146 # Specification Heading
22:14:41.148 ## Vowel counts in single word
22:14:41.149 * Vowels in English language are "aeiou".

22:14:41.161 * The word "gauge" has "3" vowels.

22:14:41.168 ## Vowel counts in multiple word
22:14:41.169 * Vowels in English language are "aeiou".

22:14:41.171 * Almost all words have vowels 

     |Word  |Vowel Count|
     |------|-----------|
     |Gauge |3          |
     |Mingle|2          |
     |Snap  |1          |
     |GoCD  |1          |
     |Rhythm|0          |
22:14:41.177 # Prime Number Verification
22:14:41.178 ## Positive scenario Verify prime number
22:14:41.179 * Is 3 a prime number "3"

22:14:41.184 ## Neagive scenario Verify prime number
22:14:41.190 * Check 4 for not a prime number "4"

22:14:41.192 ## Prime numbers validations
22:14:41.207 * Almost all numbers are prime 

     |Vowel Count|
     |-----------|
     |2          |
     |3          |
     |5          |
     |7          |
22:14:41.870 Failed Step: Almost all numbers are prime
22:14:41.870 Error Message: java.lang.NumberFormatException: For input string: ""
22:14:41.870 Specification: specs\prime.spec:19
22:14:41.870 Stacktrace: 
java.lang.NumberFormatException.forInputString(NumberFormatException.java:65)
java.lang.Integer.parseInt(Integer.java:592)
java.lang.Integer.<init>(Integer.java:867)
TestPrime.methodStub(TestPrime.java:21)
sun.reflect.NativeMethodAccessorImpl.invoke0(Native Method)
sun.reflect.NativeMethodAccessorImpl.invoke(NativeMethodAccessorImpl.java:62)
sun.reflect.DelegatingMethodAccessorImpl.invoke(DelegatingMethodAccessorImpl.java:43)
java.lang.reflect.Method.invoke(Method.java:498)
com.thoughtworks.gauge.execution.MethodExecutor.execute(MethodExecutor.java:32)
com.thoughtworks.gauge.execution.StepExecutionStage.executeStepMethod(StepExecutionStage.java:112)
com.thoughtworks.gauge.execution.StepExecutionStage.executeStep(StepExecutionStage.java:81)
com.thoughtworks.gauge.execution.StepExecutionStage.execute(StepExecutionStage.java:62)
com.thoughtworks.gauge.execution.AbstractExecutionStage.executeNext(AbstractExecutionStage.java:24)
com.thoughtworks.gauge.execution.HookExecutionStage.execute(HookExecutionStage.java:42)
com.thoughtworks.gauge.execution.ExecutionPipeline.start(ExecutionPipeline.java:31)
com.thoughtworks.gauge.processor.ExecuteStepProcessor.process(ExecuteStepProcessor.java:34)
com.thoughtworks.gauge.connection.MessageDispatcher.dispatchMessages(MessageDispatcher.java:72)
com.thoughtworks.gauge.GaugeRuntime.main(GaugeRuntime.java:37)
22:14:41.982 Plugin [Html Report] with pid [13244] has exited
22:14:42.182 Specifications:	2 executed	1 passed	1 failed	0 skipped
22:14:42.182 Scenarios:	5 executed	4 passed	1 failed	0 skipped
22:14:42.183 
Total time taken: 804ms
22:14:42.185 Updates are available. Run gauge --check-updates for more info.
22:15:42.111 Checking updates...
22:15:43.934 # Specification Heading
22:15:43.935 ## Vowel counts in single word
22:15:43.937 * Vowels in English language are "aeiou".

22:15:43.949 * The word "gauge" has "3" vowels.

22:15:43.954 ## Vowel counts in multiple word
22:15:43.955 * Vowels in English language are "aeiou".

22:15:43.956 * Almost all words have vowels 

     |Word  |Vowel Count|
     |------|-----------|
     |Gauge |3          |
     |Mingle|2          |
     |Snap  |1          |
     |GoCD  |1          |
     |Rhythm|0          |
22:15:43.961 # Prime Number Verification
22:15:43.962 ## Positive scenario Verify prime number
22:15:43.963 * Is 3 a prime number "3"

22:15:43.966 ## Neagive scenario Verify prime number
22:15:43.967 * Check 4 for not a prime number "4"

22:15:43.969 ## Prime numbers validations
22:15:43.970 * Almost all numbers are prime 

     |Number|
     |------|
     |2     |
     |3     |
     |5     |
     |7     |
22:15:44.631 Failed Step: Almost all numbers are prime
22:15:44.631 Error Message: java.lang.AssertionError
22:15:44.631 Specification: specs\prime.spec:19
22:15:44.631 Stacktrace: 
org.junit.Assert.fail(Assert.java:86)
org.junit.Assert.assertTrue(Assert.java:41)
org.junit.Assert.assertFalse(Assert.java:64)
org.junit.Assert.assertFalse(Assert.java:74)
TestPrime.methodStub(TestPrime.java:21)
sun.reflect.NativeMethodAccessorImpl.invoke0(Native Method)
sun.reflect.NativeMethodAccessorImpl.invoke(NativeMethodAccessorImpl.java:62)
sun.reflect.DelegatingMethodAccessorImpl.invoke(DelegatingMethodAccessorImpl.java:43)
java.lang.reflect.Method.invoke(Method.java:498)
com.thoughtworks.gauge.execution.MethodExecutor.execute(MethodExecutor.java:32)
com.thoughtworks.gauge.execution.StepExecutionStage.executeStepMethod(StepExecutionStage.java:112)
com.thoughtworks.gauge.execution.StepExecutionStage.executeStep(StepExecutionStage.java:81)
com.thoughtworks.gauge.execution.StepExecutionStage.execute(StepExecutionStage.java:62)
com.thoughtworks.gauge.execution.AbstractExecutionStage.executeNext(AbstractExecutionStage.java:24)
com.thoughtworks.gauge.execution.HookExecutionStage.execute(HookExecutionStage.java:42)
com.thoughtworks.gauge.execution.ExecutionPipeline.start(ExecutionPipeline.java:31)
com.thoughtworks.gauge.processor.ExecuteStepProcessor.process(ExecuteStepProcessor.java:34)
com.thoughtworks.gauge.connection.MessageDispatcher.dispatchMessages(MessageDispatcher.java:72)
com.thoughtworks.gauge.GaugeRuntime.main(GaugeRuntime.java:37)
22:15:44.746 Plugin [Html Report] with pid [25992] has exited
22:15:44.946 Specifications:	2 executed	1 passed	1 failed	0 skipped
22:15:44.946 Scenarios:	5 executed	4 passed	1 failed	0 skipped
22:15:44.947 
Total time taken: 777ms
22:15:44.949 Updates are available. Run gauge --check-updates for more info.
22:16:58.422 Checking updates...
22:16:59.956 # Specification Heading
22:16:59.957 ## Vowel counts in single word
22:16:59.958 * Vowels in English language are "aeiou".

22:16:59.971 * The word "gauge" has "3" vowels.

22:16:59.976 ## Vowel counts in multiple word
22:16:59.977 * Vowels in English language are "aeiou".

22:16:59.980 * Almost all words have vowels 

     |Word  |Vowel Count|
     |------|-----------|
     |Gauge |3          |
     |Mingle|2          |
     |Snap  |1          |
     |GoCD  |1          |
     |Rhythm|0          |
22:16:59.992 # Prime Number Verification
22:16:59.993 ## Positive scenario Verify prime number
22:16:59.994 * Is 3 a prime number "3"

22:16:59.998 ## Neagive scenario Verify prime number
22:16:59.998 * Check 4 for not a prime number "4"

22:17:00.001 ## Prime numbers validations
22:17:00.002 * Almost all numbers are prime 

     |Number|
     |------|
     |2     |
     |3     |
     |5     |
     |7     |
22:17:00.691 Failed Step: Almost all numbers are prime
22:17:00.691 Error Message: java.lang.AssertionError
22:17:00.691 Specification: specs\prime.spec:19
22:17:00.691 Stacktrace: 
org.junit.Assert.fail(Assert.java:86)
org.junit.Assert.assertTrue(Assert.java:41)
org.junit.Assert.assertTrue(Assert.java:52)
TestPrime.methodStub(TestPrime.java:21)
sun.reflect.NativeMethodAccessorImpl.invoke0(Native Method)
sun.reflect.NativeMethodAccessorImpl.invoke(NativeMethodAccessorImpl.java:62)
sun.reflect.DelegatingMethodAccessorImpl.invoke(DelegatingMethodAccessorImpl.java:43)
java.lang.reflect.Method.invoke(Method.java:498)
com.thoughtworks.gauge.execution.MethodExecutor.execute(MethodExecutor.java:32)
com.thoughtworks.gauge.execution.StepExecutionStage.executeStepMethod(StepExecutionStage.java:112)
com.thoughtworks.gauge.execution.StepExecutionStage.executeStep(StepExecutionStage.java:81)
com.thoughtworks.gauge.execution.StepExecutionStage.execute(StepExecutionStage.java:62)
com.thoughtworks.gauge.execution.AbstractExecutionStage.executeNext(AbstractExecutionStage.java:24)
com.thoughtworks.gauge.execution.HookExecutionStage.execute(HookExecutionStage.java:42)
com.thoughtworks.gauge.execution.ExecutionPipeline.start(ExecutionPipeline.java:31)
com.thoughtworks.gauge.processor.ExecuteStepProcessor.process(ExecuteStepProcessor.java:34)
com.thoughtworks.gauge.connection.MessageDispatcher.dispatchMessages(MessageDispatcher.java:72)
com.thoughtworks.gauge.GaugeRuntime.main(GaugeRuntime.java:37)
22:17:00.804 Plugin [Html Report] with pid [22080] has exited
22:17:01.004 Specifications:	2 executed	1 passed	1 failed	0 skipped
22:17:01.005 Scenarios:	5 executed	4 passed	1 failed	0 skipped
22:17:01.005 
Total time taken: 814ms
22:17:01.006 Updates are available. Run gauge --check-updates for more info.
22:17:58.143 Checking updates...
22:18:00.006 # Specification Heading
22:18:00.008 ## Vowel counts in single word
22:18:00.010 * Vowels in English language are "aeiou".

22:18:00.020 * The word "gauge" has "3" vowels.

22:18:00.027 ## Vowel counts in multiple word
22:18:00.028 * Vowels in English language are "aeiou".

22:18:00.029 * Almost all words have vowels 

     |Word  |Vowel Count|
     |------|-----------|
     |Gauge |3          |
     |Mingle|2          |
     |Snap  |1          |
     |GoCD  |1          |
     |Rhythm|0          |
22:18:00.034 # Prime Number Verification
22:18:00.035 ## Positive scenario Verify prime number
22:18:00.036 * Is 3 a prime number "3"

22:18:00.039 ## Neagive scenario Verify prime number
22:18:00.040 * Check 4 for not a prime number "4"

22:18:00.042 ## Prime numbers validations
22:18:00.043 * Almost all numbers are prime 

     |Number|
     |------|
     |2     |
     |3     |
     |5     |
     |7     |
22:18:00.841 Failed Step: Almost all numbers are prime
22:18:00.841 Error Message: java.lang.AssertionError
22:18:00.841 Specification: specs\prime.spec:19
22:18:00.841 Stacktrace: 
org.junit.Assert.fail(Assert.java:86)
org.junit.Assert.assertTrue(Assert.java:41)
org.junit.Assert.assertTrue(Assert.java:52)
TestPrime.methodStub(TestPrime.java:22)
sun.reflect.NativeMethodAccessorImpl.invoke0(Native Method)
sun.reflect.NativeMethodAccessorImpl.invoke(NativeMethodAccessorImpl.java:62)
sun.reflect.DelegatingMethodAccessorImpl.invoke(DelegatingMethodAccessorImpl.java:43)
java.lang.reflect.Method.invoke(Method.java:498)
com.thoughtworks.gauge.execution.MethodExecutor.execute(MethodExecutor.java:32)
com.thoughtworks.gauge.execution.StepExecutionStage.executeStepMethod(StepExecutionStage.java:112)
com.thoughtworks.gauge.execution.StepExecutionStage.executeStep(StepExecutionStage.java:81)
com.thoughtworks.gauge.execution.StepExecutionStage.execute(StepExecutionStage.java:62)
com.thoughtworks.gauge.execution.AbstractExecutionStage.executeNext(AbstractExecutionStage.java:24)
com.thoughtworks.gauge.execution.HookExecutionStage.execute(HookExecutionStage.java:42)
com.thoughtworks.gauge.execution.ExecutionPipeline.start(ExecutionPipeline.java:31)
com.thoughtworks.gauge.processor.ExecuteStepProcessor.process(ExecuteStepProcessor.java:34)
com.thoughtworks.gauge.connection.MessageDispatcher.dispatchMessages(MessageDispatcher.java:72)
com.thoughtworks.gauge.GaugeRuntime.main(GaugeRuntime.java:37)
22:18:00.958 Plugin [Html Report] with pid [8996] has exited
22:18:01.158 Specifications:	2 executed	1 passed	1 failed	0 skipped
22:18:01.158 Scenarios:	5 executed	4 passed	1 failed	0 skipped
22:18:01.159 
Total time taken: 923ms
22:18:01.160 Updates are available. Run gauge --check-updates for more info.
22:18:54.707 Checking updates...
22:18:56.594 # Specification Heading
22:18:56.595 ## Vowel counts in single word
22:18:56.597 * Vowels in English language are "aeiou".

22:18:56.613 * The word "gauge" has "3" vowels.

22:18:56.618 ## Vowel counts in multiple word
22:18:56.620 * Vowels in English language are "aeiou".

22:18:56.622 * Almost all words have vowels 

     |Word  |Vowel Count|
     |------|-----------|
     |Gauge |3          |
     |Mingle|2          |
     |Snap  |1          |
     |GoCD  |1          |
     |Rhythm|0          |
22:18:56.628 # Prime Number Verification
22:18:56.629 ## Positive scenario Verify prime number
22:18:56.630 * Is 3 a prime number "3"

22:18:56.634 ## Neagive scenario Verify prime number
22:18:56.636 * Check 4 for not a prime number "4"

22:18:56.639 ## Prime numbers validations
22:18:56.640 * Almost all numbers are prime 

     |Number|
     |------|
     |11    |
     |3     |
     |5     |
     |7     |
22:18:56.773 Plugin [Html Report] with pid [14076] has exited
22:18:56.873 Specifications:	2 executed	2 passed	0 failed	0 skipped
22:18:56.873 Scenarios:	5 executed	5 passed	0 failed	0 skipped
22:18:56.874 
Total time taken: 137ms
22:18:56.875 Updates are available. Run gauge --check-updates for more info.
22:21:03.293 Checking updates...
22:21:04.243 No specifications found in clean.
